<?xml version="1.0" encoding="UTF-8"?>
<!-- Generated by org.testng.reporters.JUnitReportReporter -->
<testsuite hostname="Bhavani" name="com.NFHS.TestSuites.ForgotPasswordSuite.Forgot_Password4" tests="1" failures="0" timestamp="9 Apr 2015 14:50:19 GMT" time="31.329" errors="0">
  <testcase name="forgot_Password_4" time="31.329" classname="com.NFHS.TestSuites.ForgotPasswordSuite.Forgot_Password4"/>
</testsuite> <!-- com.NFHS.TestSuites.ForgotPasswordSuite.Forgot_Password4 -->
