<?xml version="1.0" encoding="UTF-8"?>
<!-- Generated by org.testng.reporters.JUnitReportReporter -->
<testsuite hostname="Bhavani" name="com.NFHS.TestSuites.RegistrationSuite.Registration_Account_Setup" tests="3" failures="0" timestamp="9 Apr 2015 12:29:54 GMT" time="165.281" errors="0">
  <testcase name="Registration_of_New_User" time="51.806" classname="com.NFHS.TestSuites.RegistrationSuite.Registration_Account_Setup"/>
  <testcase name="Registration_of_New_User" time="61.497" classname="com.NFHS.TestSuites.RegistrationSuite.Registration_Account_Setup"/>
  <testcase name="Registration_of_New_User" time="51.978" classname="com.NFHS.TestSuites.RegistrationSuite.Registration_Account_Setup"/>
</testsuite> <!-- com.NFHS.TestSuites.RegistrationSuite.Registration_Account_Setup -->
