<?xml version="1.0" encoding="UTF-8"?>
<!-- Generated by org.testng.reporters.JUnitReportReporter -->
<testsuite hostname="Bhavani" name="com.NFHS.TestSuites.ForgotPasswordSuite.Forgot_Password3" tests="2" failures="0" timestamp="9 Apr 2015 14:50:19 GMT" time="58.946" errors="0">
  <testcase name="forgot_Password_3" time="26.378" classname="com.NFHS.TestSuites.ForgotPasswordSuite.Forgot_Password3"/>
  <testcase name="forgot_Password_3" time="32.568" classname="com.NFHS.TestSuites.ForgotPasswordSuite.Forgot_Password3"/>
</testsuite> <!-- com.NFHS.TestSuites.ForgotPasswordSuite.Forgot_Password3 -->
