<?xml version="1.0" encoding="UTF-8"?>
<!-- Generated by org.testng.reporters.JUnitReportReporter -->
<testsuite hostname="Bhavani" name="com.NFHS.TestSuites.ForgotPasswordSuite.Forgot_Password15" tests="1" failures="0" timestamp="9 Apr 2015 14:50:19 GMT" time="46.790" errors="0">
  <testcase name="forgot_Password_15" time="46.790" classname="com.NFHS.TestSuites.ForgotPasswordSuite.Forgot_Password15"/>
</testsuite> <!-- com.NFHS.TestSuites.ForgotPasswordSuite.Forgot_Password15 -->
