<?xml version="1.0" encoding="UTF-8"?>
<!-- Generated by org.testng.reporters.JUnitReportReporter -->
<testsuite hostname="Bhavani" name="com.NFHS.TestSuites.ForgotPasswordSuite.Forgot_Password14" tests="1" failures="0" timestamp="9 Apr 2015 14:50:19 GMT" time="44.350" errors="0">
  <testcase name="forgot_Password_14" time="44.350" classname="com.NFHS.TestSuites.ForgotPasswordSuite.Forgot_Password14"/>
</testsuite> <!-- com.NFHS.TestSuites.ForgotPasswordSuite.Forgot_Password14 -->
