<?xml version="1.0" encoding="UTF-8"?>
<!-- Generated by org.testng.reporters.JUnitReportReporter -->
<testsuite hostname="Bhavani" name="com.NFHS.TestSuites.MyCoursesDistribution.MC_Distribution4" tests="1" failures="1" timestamp="4 Mar 2015 13:06:05 GMT" time="0.001" errors="0">
  <testcase name="mc_Distribution4" time="0.001" classname="com.NFHS.TestSuites.MyCoursesDistribution.MC_Distribution4"/>
</testsuite> <!-- com.NFHS.TestSuites.MyCoursesDistribution.MC_Distribution4 -->
