<?xml version="1.0" encoding="UTF-8"?>
<!-- Generated by org.testng.reporters.JUnitReportReporter -->
<testsuite hostname="Bhavani" name="test.CaptureElement" tests="1" failures="0" timestamp="16 Dec 2014 07:07:30 GMT" time="11.452" errors="0">
  <testcase name="test" time="11.452" classname="test.CaptureElement"/>
</testsuite> <!-- test.CaptureElement -->
