<?xml version="1.0" encoding="UTF-8"?>
<!-- Generated by org.testng.reporters.JUnitReportReporter -->
<testsuite hostname="Bhavani" name="com.NFHS.TestSuites.MyCoursesDistribution.MC_Distribution6" tests="1" failures="1" timestamp="4 Mar 2015 13:06:05 GMT" time="0.000" errors="0">
  <testcase name="mc_Distribution6" time="0.000" classname="com.NFHS.TestSuites.MyCoursesDistribution.MC_Distribution6"/>
</testsuite> <!-- com.NFHS.TestSuites.MyCoursesDistribution.MC_Distribution6 -->
